2025-07-07 13:50:58,871 - gym_custom_envs_real_ur_drivers_URBasic_robotModelEvent - INFO - Init done
2025-07-07 13:50:59,372 - gym_custom_envs_real_ur_drivers_URBasic_realTimeClientEvent - INFO - Connected
2025-07-07 13:50:59,372 - gym_custom_envs_real_ur_drivers_URBasic_realTimeClientEvent - INFO - RT_CLient constructor done
2025-07-07 13:50:59,373 - gym_custom_envs_real_ur_drivers_URBasic_dataLogEvent - INFO - Data logging (not event logging) is disabled
2025-07-07 13:50:59,374 - gym_custom_envs_real_ur_drivers_URBasic_dataLogEvent - INFO - DataLog constructor done
2025-07-07 13:50:59,375 - gym_custom_envs_real_ur_drivers_URBasic_dataLogEvent - INFO - DataLog is stopped
2025-07-07 13:50:59,375 - gym_custom_envs_real_ur_drivers_URBasic_rtdeEvent - INFO - RTDE constructor done
2025-07-07 13:50:59,730 - gym_custom_envs_real_ur_drivers_URBasic_rtdeEvent - INFO - Controller version: 3.3.1-60
2025-07-07 13:50:59,734 - gym_custom_envs_real_ur_drivers_URBasic_rtdeEvent - INFO - RTDE started
2025-07-07 13:50:59,877 - gym_custom_envs_real_ur_drivers_URBasic_dashboardEvent - INFO - Connected
2025-07-07 13:50:59,877 - gym_custom_envs_real_ur_drivers_URBasic_dashboardEvent - INFO - UR Dashboard respond Connected: Universal Robots Dashboard Server
2025-07-07 13:50:59,878 - gym_custom_envs_real_ur_drivers_URBasic_dashboardEvent - INFO - Dashboard server constructor done
2025-07-07 13:50:59,879 - gym_custom_envs_real_ur_drivers_URBasic_robotConnectorEvent - INFO - Init done
2025-07-07 13:50:59,879 - gym_custom_envs_real_ur_drivers_URBasic_urScriptEvent - INFO - Init done
2025-07-07 13:50:59,894 - gym_custom_envs_real_ur_drivers_URBasic_urScriptExtEvent - INFO - Init done
2025-07-07 13:51:07,725 - gym_custom_envs_real_ur_drivers_URBasic_rtdeEvent - INFO - Total packages: 1000
2025-07-07 13:51:15,724 - gym_custom_envs_real_ur_drivers_URBasic_rtdeEvent - INFO - Total packages: 2000
2025-07-07 13:51:23,724 - gym_custom_envs_real_ur_drivers_URBasic_rtdeEvent - INFO - Total packages: 3000
2025-07-07 13:51:31,724 - gym_custom_envs_real_ur_drivers_URBasic_rtdeEvent - INFO - Total packages: 4000
2025-07-07 13:51:39,723 - gym_custom_envs_real_ur_drivers_URBasic_rtdeEvent - INFO - Total packages: 5000
2025-07-07 13:51:47,723 - gym_custom_envs_real_ur_drivers_URBasic_rtdeEvent - INFO - Total packages: 6000
2025-07-07 13:51:55,723 - gym_custom_envs_real_ur_drivers_URBasic_rtdeEvent - INFO - Total packages: 7000
2025-07-07 13:52:03,723 - gym_custom_envs_real_ur_drivers_URBasic_rtdeEvent - INFO - Total packages: 8000
2025-07-07 13:52:11,723 - gym_custom_envs_real_ur_drivers_URBasic_rtdeEvent - INFO - Total packages: 9000
2025-07-07 13:52:19,722 - gym_custom_envs_real_ur_drivers_URBasic_rtdeEvent - INFO - Total packages: 10000
2025-07-07 13:52:27,722 - gym_custom_envs_real_ur_drivers_URBasic_rtdeEvent - INFO - Total packages: 11000
2025-07-07 13:52:35,722 - gym_custom_envs_real_ur_drivers_URBasic_rtdeEvent - INFO - Total packages: 12000
2025-07-07 13:52:43,722 - gym_custom_envs_real_ur_drivers_URBasic_rtdeEvent - INFO - Total packages: 13000
2025-07-07 13:52:51,721 - gym_custom_envs_real_ur_drivers_URBasic_rtdeEvent - INFO - Total packages: 14000
2025-07-07 13:52:59,721 - gym_custom_envs_real_ur_drivers_URBasic_rtdeEvent - INFO - Total packages: 15000
2025-07-07 13:53:07,721 - gym_custom_envs_real_ur_drivers_URBasic_rtdeEvent - INFO - Total packages: 16000
2025-07-07 13:53:15,721 - gym_custom_envs_real_ur_drivers_URBasic_rtdeEvent - INFO - Total packages: 17000
2025-07-07 13:53:23,720 - gym_custom_envs_real_ur_drivers_URBasic_rtdeEvent - INFO - Total packages: 18000
2025-07-07 13:53:31,720 - gym_custom_envs_real_ur_drivers_URBasic_rtdeEvent - INFO - Total packages: 19000
2025-07-07 13:53:39,720 - gym_custom_envs_real_ur_drivers_URBasic_rtdeEvent - INFO - Total packages: 20000
2025-07-07 13:53:47,720 - gym_custom_envs_real_ur_drivers_URBasic_rtdeEvent - INFO - Total packages: 21000
2025-07-07 13:53:55,720 - gym_custom_envs_real_ur_drivers_URBasic_rtdeEvent - INFO - Total packages: 22000
2025-07-07 13:54:03,719 - gym_custom_envs_real_ur_drivers_URBasic_rtdeEvent - INFO - Total packages: 23000
2025-07-07 13:54:11,719 - gym_custom_envs_real_ur_drivers_URBasic_rtdeEvent - INFO - Total packages: 24000
2025-07-07 13:54:19,719 - gym_custom_envs_real_ur_drivers_URBasic_rtdeEvent - INFO - Total packages: 25000
2025-07-07 13:54:27,719 - gym_custom_envs_real_ur_drivers_URBasic_rtdeEvent - INFO - Total packages: 26000
2025-07-07 13:54:35,718 - gym_custom_envs_real_ur_drivers_URBasic_rtdeEvent - INFO - Total packages: 27000
2025-07-07 13:54:43,718 - gym_custom_envs_real_ur_drivers_URBasic_rtdeEvent - INFO - Total packages: 28000
2025-07-07 13:54:51,718 - gym_custom_envs_real_ur_drivers_URBasic_rtdeEvent - INFO - Total packages: 29000
2025-07-07 13:54:59,718 - gym_custom_envs_real_ur_drivers_URBasic_rtdeEvent - INFO - Total packages: 30000
2025-07-07 13:55:07,717 - gym_custom_envs_real_ur_drivers_URBasic_rtdeEvent - INFO - Total packages: 31000
2025-07-07 13:55:15,717 - gym_custom_envs_real_ur_drivers_URBasic_rtdeEvent - INFO - Total packages: 32000
2025-07-07 13:55:23,717 - gym_custom_envs_real_ur_drivers_URBasic_rtdeEvent - INFO - Total packages: 33000
2025-07-07 13:55:31,717 - gym_custom_envs_real_ur_drivers_URBasic_rtdeEvent - INFO - Total packages: 34000
2025-07-07 13:55:39,716 - gym_custom_envs_real_ur_drivers_URBasic_rtdeEvent - INFO - Total packages: 35000
2025-07-07 13:55:47,716 - gym_custom_envs_real_ur_drivers_URBasic_rtdeEvent - INFO - Total packages: 36000
2025-07-07 13:55:55,716 - gym_custom_envs_real_ur_drivers_URBasic_rtdeEvent - INFO - Total packages: 37000
2025-07-07 13:56:03,716 - gym_custom_envs_real_ur_drivers_URBasic_rtdeEvent - INFO - Total packages: 38000
2025-07-07 13:56:11,715 - gym_custom_envs_real_ur_drivers_URBasic_rtdeEvent - INFO - Total packages: 39000
2025-07-07 13:56:19,715 - gym_custom_envs_real_ur_drivers_URBasic_rtdeEvent - INFO - Total packages: 40000
2025-07-07 13:56:27,715 - gym_custom_envs_real_ur_drivers_URBasic_rtdeEvent - INFO - Total packages: 41000
2025-07-07 13:56:35,715 - gym_custom_envs_real_ur_drivers_URBasic_rtdeEvent - INFO - Total packages: 42000
2025-07-07 13:56:43,714 - gym_custom_envs_real_ur_drivers_URBasic_rtdeEvent - INFO - Total packages: 43000
2025-07-07 13:56:51,714 - gym_custom_envs_real_ur_drivers_URBasic_rtdeEvent - INFO - Total packages: 44000
2025-07-07 13:56:59,714 - gym_custom_envs_real_ur_drivers_URBasic_rtdeEvent - INFO - Total packages: 45000
2025-07-07 13:57:07,714 - gym_custom_envs_real_ur_drivers_URBasic_rtdeEvent - INFO - Total packages: 46000
2025-07-07 13:57:15,713 - gym_custom_envs_real_ur_drivers_URBasic_rtdeEvent - INFO - Total packages: 47000
2025-07-07 13:57:23,713 - gym_custom_envs_real_ur_drivers_URBasic_rtdeEvent - INFO - Total packages: 48000
2025-07-07 13:57:31,713 - gym_custom_envs_real_ur_drivers_URBasic_rtdeEvent - INFO - Total packages: 49000
2025-07-07 13:57:39,713 - gym_custom_envs_real_ur_drivers_URBasic_rtdeEvent - INFO - Total packages: 50000
2025-07-07 13:57:47,713 - gym_custom_envs_real_ur_drivers_URBasic_rtdeEvent - INFO - Total packages: 51000
2025-07-07 13:57:55,712 - gym_custom_envs_real_ur_drivers_URBasic_rtdeEvent - INFO - Total packages: 52000
2025-07-07 13:58:03,712 - gym_custom_envs_real_ur_drivers_URBasic_rtdeEvent - INFO - Total packages: 53000
2025-07-07 13:58:11,712 - gym_custom_envs_real_ur_drivers_URBasic_rtdeEvent - INFO - Total packages: 54000
2025-07-07 13:58:19,711 - gym_custom_envs_real_ur_drivers_URBasic_rtdeEvent - INFO - Total packages: 55000
2025-07-07 13:58:27,711 - gym_custom_envs_real_ur_drivers_URBasic_rtdeEvent - INFO - Total packages: 56000
2025-07-07 13:58:35,711 - gym_custom_envs_real_ur_drivers_URBasic_rtdeEvent - INFO - Total packages: 57000
2025-07-07 13:58:43,711 - gym_custom_envs_real_ur_drivers_URBasic_rtdeEvent - INFO - Total packages: 58000
2025-07-07 13:58:51,711 - gym_custom_envs_real_ur_drivers_URBasic_rtdeEvent - INFO - Total packages: 59000
2025-07-07 13:58:59,710 - gym_custom_envs_real_ur_drivers_URBasic_rtdeEvent - INFO - Total packages: 60000
2025-07-07 13:59:07,710 - gym_custom_envs_real_ur_drivers_URBasic_rtdeEvent - INFO - Total packages: 61000
2025-07-07 13:59:15,710 - gym_custom_envs_real_ur_drivers_URBasic_rtdeEvent - INFO - Total packages: 62000
2025-07-07 13:59:23,709 - gym_custom_envs_real_ur_drivers_URBasic_rtdeEvent - INFO - Total packages: 63000
2025-07-07 13:59:31,709 - gym_custom_envs_real_ur_drivers_URBasic_rtdeEvent - INFO - Total packages: 64000
2025-07-07 13:59:39,709 - gym_custom_envs_real_ur_drivers_URBasic_rtdeEvent - INFO - Total packages: 65000
2025-07-07 13:59:47,709 - gym_custom_envs_real_ur_drivers_URBasic_rtdeEvent - INFO - Total packages: 66000
2025-07-07 13:59:55,708 - gym_custom_envs_real_ur_drivers_URBasic_rtdeEvent - INFO - Total packages: 67000
2025-07-07 14:00:03,708 - gym_custom_envs_real_ur_drivers_URBasic_rtdeEvent - INFO - Total packages: 68000
2025-07-07 14:00:11,708 - gym_custom_envs_real_ur_drivers_URBasic_rtdeEvent - INFO - Total packages: 69000
2025-07-07 14:00:19,708 - gym_custom_envs_real_ur_drivers_URBasic_rtdeEvent - INFO - Total packages: 70000
2025-07-07 14:00:27,707 - gym_custom_envs_real_ur_drivers_URBasic_rtdeEvent - INFO - Total packages: 71000
2025-07-07 14:00:35,707 - gym_custom_envs_real_ur_drivers_URBasic_rtdeEvent - INFO - Total packages: 72000
2025-07-07 14:00:43,707 - gym_custom_envs_real_ur_drivers_URBasic_rtdeEvent - INFO - Total packages: 73000
2025-07-07 14:00:51,707 - gym_custom_envs_real_ur_drivers_URBasic_rtdeEvent - INFO - Total packages: 74000
2025-07-07 14:00:59,706 - gym_custom_envs_real_ur_drivers_URBasic_rtdeEvent - INFO - Total packages: 75000
2025-07-07 14:01:07,706 - gym_custom_envs_real_ur_drivers_URBasic_rtdeEvent - INFO - Total packages: 76000
2025-07-07 14:01:15,706 - gym_custom_envs_real_ur_drivers_URBasic_rtdeEvent - INFO - Total packages: 77000
2025-07-07 14:01:23,705 - gym_custom_envs_real_ur_drivers_URBasic_rtdeEvent - INFO - Total packages: 78000
2025-07-07 14:01:31,705 - gym_custom_envs_real_ur_drivers_URBasic_rtdeEvent - INFO - Total packages: 79000
2025-07-07 14:01:39,705 - gym_custom_envs_real_ur_drivers_URBasic_rtdeEvent - INFO - Total packages: 80000
2025-07-07 14:01:47,705 - gym_custom_envs_real_ur_drivers_URBasic_rtdeEvent - INFO - Total packages: 81000
2025-07-07 14:01:55,704 - gym_custom_envs_real_ur_drivers_URBasic_rtdeEvent - INFO - Total packages: 82000
2025-07-07 14:02:03,704 - gym_custom_envs_real_ur_drivers_URBasic_rtdeEvent - INFO - Total packages: 83000
2025-07-07 14:02:11,704 - gym_custom_envs_real_ur_drivers_URBasic_rtdeEvent - INFO - Total packages: 84000
2025-07-07 14:02:19,704 - gym_custom_envs_real_ur_drivers_URBasic_rtdeEvent - INFO - Total packages: 85000
2025-07-07 14:02:27,703 - gym_custom_envs_real_ur_drivers_URBasic_rtdeEvent - INFO - Total packages: 86000
2025-07-07 14:02:35,703 - gym_custom_envs_real_ur_drivers_URBasic_rtdeEvent - INFO - Total packages: 87000
2025-07-07 14:02:43,703 - gym_custom_envs_real_ur_drivers_URBasic_rtdeEvent - INFO - Total packages: 88000
2025-07-07 14:02:51,703 - gym_custom_envs_real_ur_drivers_URBasic_rtdeEvent - INFO - Total packages: 89000
2025-07-07 14:02:59,702 - gym_custom_envs_real_ur_drivers_URBasic_rtdeEvent - INFO - Total packages: 90000
2025-07-07 14:03:07,702 - gym_custom_envs_real_ur_drivers_URBasic_rtdeEvent - INFO - Total packages: 91000
2025-07-07 14:03:15,702 - gym_custom_envs_real_ur_drivers_URBasic_rtdeEvent - INFO - Total packages: 92000
2025-07-07 14:03:23,702 - gym_custom_envs_real_ur_drivers_URBasic_rtdeEvent - INFO - Total packages: 93000
2025-07-07 14:03:31,701 - gym_custom_envs_real_ur_drivers_URBasic_rtdeEvent - INFO - Total packages: 94000
2025-07-07 14:03:39,701 - gym_custom_envs_real_ur_drivers_URBasic_rtdeEvent - INFO - Total packages: 95000
2025-07-07 14:03:47,701 - gym_custom_envs_real_ur_drivers_URBasic_rtdeEvent - INFO - Total packages: 96000
2025-07-07 14:03:55,700 - gym_custom_envs_real_ur_drivers_URBasic_rtdeEvent - INFO - Total packages: 97000
2025-07-07 14:04:03,700 - gym_custom_envs_real_ur_drivers_URBasic_rtdeEvent - INFO - Total packages: 98000
2025-07-07 14:04:11,700 - gym_custom_envs_real_ur_drivers_URBasic_rtdeEvent - INFO - Total packages: 99000
2025-07-07 14:04:19,700 - gym_custom_envs_real_ur_drivers_URBasic_rtdeEvent - INFO - Total packages: 100000
2025-07-07 14:04:27,699 - gym_custom_envs_real_ur_drivers_URBasic_rtdeEvent - INFO - Total packages: 101000
2025-07-07 14:04:35,699 - gym_custom_envs_real_ur_drivers_URBasic_rtdeEvent - INFO - Total packages: 102000
2025-07-07 14:04:43,699 - gym_custom_envs_real_ur_drivers_URBasic_rtdeEvent - INFO - Total packages: 103000
2025-07-07 14:04:51,698 - gym_custom_envs_real_ur_drivers_URBasic_rtdeEvent - INFO - Total packages: 104000
2025-07-07 14:04:59,698 - gym_custom_envs_real_ur_drivers_URBasic_rtdeEvent - INFO - Total packages: 105000
2025-07-07 14:05:07,698 - gym_custom_envs_real_ur_drivers_URBasic_rtdeEvent - INFO - Total packages: 106000
2025-07-07 14:05:15,698 - gym_custom_envs_real_ur_drivers_URBasic_rtdeEvent - INFO - Total packages: 107000
2025-07-07 14:05:23,697 - gym_custom_envs_real_ur_drivers_URBasic_rtdeEvent - INFO - Total packages: 108000
2025-07-07 14:05:31,697 - gym_custom_envs_real_ur_drivers_URBasic_rtdeEvent - INFO - Total packages: 109000
2025-07-07 14:05:39,697 - gym_custom_envs_real_ur_drivers_URBasic_rtdeEvent - INFO - Total packages: 110000
2025-07-07 14:05:47,697 - gym_custom_envs_real_ur_drivers_URBasic_rtdeEvent - INFO - Total packages: 111000
2025-07-07 14:05:55,696 - gym_custom_envs_real_ur_drivers_URBasic_rtdeEvent - INFO - Total packages: 112000
2025-07-07 14:06:03,696 - gym_custom_envs_real_ur_drivers_URBasic_rtdeEvent - INFO - Total packages: 113000
2025-07-07 14:06:11,696 - gym_custom_envs_real_ur_drivers_URBasic_rtdeEvent - INFO - Total packages: 114000
2025-07-07 14:06:19,695 - gym_custom_envs_real_ur_drivers_URBasic_rtdeEvent - INFO - Total packages: 115000
2025-07-07 14:06:27,695 - gym_custom_envs_real_ur_drivers_URBasic_rtdeEvent - INFO - Total packages: 116000
2025-07-07 14:06:35,695 - gym_custom_envs_real_ur_drivers_URBasic_rtdeEvent - INFO - Total packages: 117000
2025-07-07 14:06:43,695 - gym_custom_envs_real_ur_drivers_URBasic_rtdeEvent - INFO - Total packages: 118000
2025-07-07 14:06:51,694 - gym_custom_envs_real_ur_drivers_URBasic_rtdeEvent - INFO - Total packages: 119000
2025-07-07 14:06:59,694 - gym_custom_envs_real_ur_drivers_URBasic_rtdeEvent - INFO - Total packages: 120000
