2025-07-07 16:51:50,235 - gym_custom_envs_real_ur_drivers_URBasic_robotModelEvent - INFO - Init done
2025-07-07 16:51:50,736 - gym_custom_envs_real_ur_drivers_URBasic_realTimeClientEvent - INFO - Connected
2025-07-07 16:51:50,737 - gym_custom_envs_real_ur_drivers_URBasic_realTimeClientEvent - INFO - RT_CLient constructor done
2025-07-07 16:51:50,738 - gym_custom_envs_real_ur_drivers_URBasic_dataLogEvent - INFO - Data logging (not event logging) is disabled
2025-07-07 16:51:50,738 - gym_custom_envs_real_ur_drivers_URBasic_dataLogEvent - INFO - DataLog constructor done
2025-07-07 16:51:50,739 - gym_custom_envs_real_ur_drivers_URBasic_dataLogEvent - INFO - DataLog is stopped
2025-07-07 16:51:50,740 - gym_custom_envs_real_ur_drivers_URBasic_rtdeEvent - INFO - RTDE constructor done
2025-07-07 16:51:51,242 - gym_custom_envs_real_ur_drivers_URBasic_dashboardEvent - INFO - Connected
2025-07-07 16:51:51,242 - gym_custom_envs_real_ur_drivers_URBasic_dashboardEvent - INFO - UR Dashboard respond Connected: Universal Robots Dashboard Server
2025-07-07 16:51:51,243 - gym_custom_envs_real_ur_drivers_URBasic_dashboardEvent - INFO - Dashboard server constructor done
2025-07-07 16:51:51,243 - gym_custom_envs_real_ur_drivers_URBasic_robotConnectorEvent - INFO - Init done
2025-07-07 16:51:51,348 - gym_custom_envs_real_ur_drivers_URBasic_rtdeEvent - INFO - Controller version: 3.3.1-60
2025-07-07 16:51:51,351 - gym_custom_envs_real_ur_drivers_URBasic_rtdeEvent - INFO - RTDE started
2025-07-07 16:51:52,244 - gym_custom_envs_real_ur_drivers_URBasic_urScriptEvent - INFO - Init done!!!
2025-07-07 16:51:52,256 - gym_custom_envs_real_ur_drivers_URBasic_urScriptExtEvent - INFO - Init done
2025-07-07 16:51:53,850 - gym_custom_envs_real_ur_interfaceEvent - INFO - [] init done
2025-07-07 16:51:53,857 - gym_custom_envs_real_ur_drivers_URBasic_realTimeClientEvent - INFO - Program send to Robot:
servoj([-0.061511909961700445, -1.4777962843524377, -1.5359440962420863, -1.4479811827289026, 1.5496363639831543, 3.0547704696655273], 0.5, 0.5, 0.01, 0.2, 300)

2025-07-07 16:51:53,888 - gym_custom_envs_real_ur_drivers_URBasic_rtdeEvent - INFO - RTDE interface is stopped
2025-07-07 16:51:53,888 - gym_custom_envs_real_ur_drivers_URBasic_realTimeClientEvent - INFO - Disconnected
2025-07-07 16:51:55,247 - gym_custom_envs_real_ur_drivers_URBasic_dashboardEvent - INFO - Dashboard server interface is stopped
