2025-07-07 13:47:32,421 - gym_custom_envs_real_ur_drivers_URBasic_robotModelEvent - INFO - Init done
2025-07-07 13:47:32,922 - gym_custom_envs_real_ur_drivers_URBasic_realTimeClientEvent - INFO - Connected
2025-07-07 13:47:32,922 - gym_custom_envs_real_ur_drivers_URBasic_realTimeClientEvent - INFO - RT_CLient constructor done
2025-07-07 13:47:32,922 - gym_custom_envs_real_ur_drivers_URBasic_dataLogEvent - INFO - Data logging (not event logging) is disabled
2025-07-07 13:47:32,922 - gym_custom_envs_real_ur_drivers_URBasic_dataLogEvent - INFO - DataLog constructor done
2025-07-07 13:47:32,923 - gym_custom_envs_real_ur_drivers_URBasic_dataLogEvent - INFO - DataLog is stopped
2025-07-07 13:47:32,923 - gym_custom_envs_real_ur_drivers_URBasic_rtdeEvent - INFO - RTDE constructor done
2025-07-07 13:47:33,391 - gym_custom_envs_real_ur_drivers_URBasic_rtdeEvent - INFO - Controller version: 3.3.1-60
2025-07-07 13:47:33,393 - gym_custom_envs_real_ur_drivers_URBasic_rtdeEvent - INFO - RTDE started
2025-07-07 13:47:33,424 - gym_custom_envs_real_ur_drivers_URBasic_dashboardEvent - INFO - Connected
2025-07-07 13:47:33,424 - gym_custom_envs_real_ur_drivers_URBasic_dashboardEvent - INFO - UR Dashboard respond Connected: Universal Robots Dashboard Server
2025-07-07 13:47:33,424 - gym_custom_envs_real_ur_drivers_URBasic_dashboardEvent - INFO - Dashboard server constructor done
2025-07-07 13:47:33,424 - gym_custom_envs_real_ur_drivers_URBasic_robotConnectorEvent - INFO - Init done
2025-07-07 13:47:33,424 - gym_custom_envs_real_ur_drivers_URBasic_urScriptEvent - INFO - Init done
2025-07-07 13:47:33,435 - gym_custom_envs_real_ur_drivers_URBasic_urScriptExtEvent - INFO - Init done
2025-07-07 13:47:41,386 - gym_custom_envs_real_ur_drivers_URBasic_rtdeEvent - INFO - Total packages: 1000
2025-07-07 13:47:49,385 - gym_custom_envs_real_ur_drivers_URBasic_rtdeEvent - INFO - Total packages: 2000
2025-07-07 13:47:57,385 - gym_custom_envs_real_ur_drivers_URBasic_rtdeEvent - INFO - Total packages: 3000
2025-07-07 13:48:05,385 - gym_custom_envs_real_ur_drivers_URBasic_rtdeEvent - INFO - Total packages: 4000
2025-07-07 13:48:13,385 - gym_custom_envs_real_ur_drivers_URBasic_rtdeEvent - INFO - Total packages: 5000
2025-07-07 13:48:21,385 - gym_custom_envs_real_ur_drivers_URBasic_rtdeEvent - INFO - Total packages: 6000
