2025-07-07 14:42:06,938 - gym_custom_envs_real_ur_drivers_URBasic_robotModelEvent - INFO - Init done
2025-07-07 14:42:07,439 - gym_custom_envs_real_ur_drivers_URBasic_realTimeClientEvent - INFO - Connected
2025-07-07 14:42:07,439 - gym_custom_envs_real_ur_drivers_URBasic_realTimeClientEvent - INFO - RT_CLient constructor done
2025-07-07 14:42:07,439 - gym_custom_envs_real_ur_drivers_URBasic_dataLogEvent - INFO - Data logging (not event logging) is disabled
2025-07-07 14:42:07,440 - gym_custom_envs_real_ur_drivers_URBasic_dataLogEvent - INFO - DataLog constructor done
2025-07-07 14:42:07,440 - gym_custom_envs_real_ur_drivers_URBasic_dataLogEvent - INFO - DataLog is stopped
2025-07-07 14:42:07,440 - gym_custom_envs_real_ur_drivers_URBasic_rtdeEvent - INFO - RTDE constructor done
2025-07-07 14:42:07,924 - gym_custom_envs_real_ur_drivers_URBasic_rtdeEvent - INFO - Controller version: 3.3.1-60
2025-07-07 14:42:07,925 - gym_custom_envs_real_ur_drivers_URBasic_rtdeEvent - INFO - RTDE started
2025-07-07 14:42:07,941 - gym_custom_envs_real_ur_drivers_URBasic_dashboardEvent - INFO - Connected
2025-07-07 14:42:07,941 - gym_custom_envs_real_ur_drivers_URBasic_dashboardEvent - INFO - UR Dashboard respond Connected: Universal Robots Dashboard Server
2025-07-07 14:42:07,941 - gym_custom_envs_real_ur_drivers_URBasic_dashboardEvent - INFO - Dashboard server constructor done
2025-07-07 14:42:07,941 - gym_custom_envs_real_ur_drivers_URBasic_robotConnectorEvent - INFO - Init done
2025-07-07 14:42:07,941 - gym_custom_envs_real_ur_drivers_URBasic_urScriptEvent - INFO - Init done
2025-07-07 14:42:07,951 - gym_custom_envs_real_ur_drivers_URBasic_urScriptExtEvent - INFO - Init done
2025-07-07 14:42:15,918 - gym_custom_envs_real_ur_drivers_URBasic_rtdeEvent - INFO - Total packages: 1000
2025-07-07 14:42:23,917 - gym_custom_envs_real_ur_drivers_URBasic_rtdeEvent - INFO - Total packages: 2000
2025-07-07 14:42:31,917 - gym_custom_envs_real_ur_drivers_URBasic_rtdeEvent - INFO - Total packages: 3000
2025-07-07 14:42:39,917 - gym_custom_envs_real_ur_drivers_URBasic_rtdeEvent - INFO - Total packages: 4000
2025-07-07 14:42:47,917 - gym_custom_envs_real_ur_drivers_URBasic_rtdeEvent - INFO - Total packages: 5000
2025-07-07 14:42:55,916 - gym_custom_envs_real_ur_drivers_URBasic_rtdeEvent - INFO - Total packages: 6000
2025-07-07 14:43:03,916 - gym_custom_envs_real_ur_drivers_URBasic_rtdeEvent - INFO - Total packages: 7000
2025-07-07 14:43:11,916 - gym_custom_envs_real_ur_drivers_URBasic_rtdeEvent - INFO - Total packages: 8000
