2025-07-07 15:50:51,372 - gym_custom_envs_real_ur_drivers_URBasic_robotModelEvent - INFO - Init done
2025-07-07 15:50:51,873 - gym_custom_envs_real_ur_drivers_URBasic_realTimeClientEvent - INFO - Connected
2025-07-07 15:50:51,873 - gym_custom_envs_real_ur_drivers_URBasic_realTimeClientEvent - INFO - RT_CLient constructor done
2025-07-07 15:50:51,873 - gym_custom_envs_real_ur_drivers_URBasic_dataLogEvent - INFO - Data logging (not event logging) is disabled
2025-07-07 15:50:51,873 - gym_custom_envs_real_ur_drivers_URBasic_dataLogEvent - INFO - DataLog is stopped
2025-07-07 15:50:51,873 - gym_custom_envs_real_ur_drivers_URBasic_dataLogEvent - INFO - DataLog constructor done
2025-07-07 15:50:51,874 - gym_custom_envs_real_ur_drivers_URBasic_rtdeEvent - INFO - RTDE constructor done
2025-07-07 15:50:52,191 - gym_custom_envs_real_ur_drivers_URBasic_rtdeEvent - INFO - Controller version: 3.3.1-60
2025-07-07 15:50:52,193 - gym_custom_envs_real_ur_drivers_URBasic_rtdeEvent - INFO - RTDE started
2025-07-07 15:50:52,375 - gym_custom_envs_real_ur_drivers_URBasic_dashboardEvent - INFO - Connected
2025-07-07 15:50:52,375 - gym_custom_envs_real_ur_drivers_URBasic_dashboardEvent - INFO - UR Dashboard respond Connected: Universal Robots Dashboard Server
2025-07-07 15:50:52,375 - gym_custom_envs_real_ur_drivers_URBasic_dashboardEvent - INFO - Dashboard server constructor done
2025-07-07 15:50:52,375 - gym_custom_envs_real_ur_drivers_URBasic_robotConnectorEvent - INFO - Init done
2025-07-07 15:50:52,375 - gym_custom_envs_real_ur_drivers_URBasic_urScriptEvent - INFO - Init done!!!
2025-07-07 15:50:52,386 - gym_custom_envs_real_ur_drivers_URBasic_urScriptExtEvent - INFO - Init done
2025-07-07 15:51:00,185 - gym_custom_envs_real_ur_drivers_URBasic_rtdeEvent - INFO - Total packages: 1000
2025-07-07 15:51:08,185 - gym_custom_envs_real_ur_drivers_URBasic_rtdeEvent - INFO - Total packages: 2000
2025-07-07 15:51:16,185 - gym_custom_envs_real_ur_drivers_URBasic_rtdeEvent - INFO - Total packages: 3000
2025-07-07 15:51:24,185 - gym_custom_envs_real_ur_drivers_URBasic_rtdeEvent - INFO - Total packages: 4000
2025-07-07 15:51:32,184 - gym_custom_envs_real_ur_drivers_URBasic_rtdeEvent - INFO - Total packages: 5000
2025-07-07 15:51:40,184 - gym_custom_envs_real_ur_drivers_URBasic_rtdeEvent - INFO - Total packages: 6000
2025-07-07 15:51:48,184 - gym_custom_envs_real_ur_drivers_URBasic_rtdeEvent - INFO - Total packages: 7000
2025-07-07 15:51:56,184 - gym_custom_envs_real_ur_drivers_URBasic_rtdeEvent - INFO - Total packages: 8000
2025-07-07 15:52:04,183 - gym_custom_envs_real_ur_drivers_URBasic_rtdeEvent - INFO - Total packages: 9000
2025-07-07 15:52:12,183 - gym_custom_envs_real_ur_drivers_URBasic_rtdeEvent - INFO - Total packages: 10000
2025-07-07 15:52:20,183 - gym_custom_envs_real_ur_drivers_URBasic_rtdeEvent - INFO - Total packages: 11000
2025-07-07 15:52:28,183 - gym_custom_envs_real_ur_drivers_URBasic_rtdeEvent - INFO - Total packages: 12000
2025-07-07 15:52:36,182 - gym_custom_envs_real_ur_drivers_URBasic_rtdeEvent - INFO - Total packages: 13000
2025-07-07 15:52:44,182 - gym_custom_envs_real_ur_drivers_URBasic_rtdeEvent - INFO - Total packages: 14000
2025-07-07 15:52:52,182 - gym_custom_envs_real_ur_drivers_URBasic_rtdeEvent - INFO - Total packages: 15000
2025-07-07 15:53:00,182 - gym_custom_envs_real_ur_drivers_URBasic_rtdeEvent - INFO - Total packages: 16000
2025-07-07 15:53:08,181 - gym_custom_envs_real_ur_drivers_URBasic_rtdeEvent - INFO - Total packages: 17000
2025-07-07 15:53:16,181 - gym_custom_envs_real_ur_drivers_URBasic_rtdeEvent - INFO - Total packages: 18000
2025-07-07 15:53:24,181 - gym_custom_envs_real_ur_drivers_URBasic_rtdeEvent - INFO - Total packages: 19000
2025-07-07 15:53:32,181 - gym_custom_envs_real_ur_drivers_URBasic_rtdeEvent - INFO - Total packages: 20000
2025-07-07 15:53:40,181 - gym_custom_envs_real_ur_drivers_URBasic_rtdeEvent - INFO - Total packages: 21000
2025-07-07 15:53:48,181 - gym_custom_envs_real_ur_drivers_URBasic_rtdeEvent - INFO - Total packages: 22000
2025-07-07 15:53:56,180 - gym_custom_envs_real_ur_drivers_URBasic_rtdeEvent - INFO - Total packages: 23000
2025-07-07 15:54:04,180 - gym_custom_envs_real_ur_drivers_URBasic_rtdeEvent - INFO - Total packages: 24000
2025-07-07 15:54:12,180 - gym_custom_envs_real_ur_drivers_URBasic_rtdeEvent - INFO - Total packages: 25000
2025-07-07 15:54:20,179 - gym_custom_envs_real_ur_drivers_URBasic_rtdeEvent - INFO - Total packages: 26000
