2025-07-07 15:08:59,886 - gym_custom_envs_real_ur_drivers_URBasic_robotModelEvent - INFO - Init done
2025-07-07 15:09:00,387 - gym_custom_envs_real_ur_drivers_URBasic_realTimeClientEvent - INFO - Connected
2025-07-07 15:09:00,387 - gym_custom_envs_real_ur_drivers_URBasic_realTimeClientEvent - INFO - RT_CLient constructor done
2025-07-07 15:09:00,387 - gym_custom_envs_real_ur_drivers_URBasic_dataLogEvent - INFO - Data logging (not event logging) is disabled
2025-07-07 15:09:00,387 - gym_custom_envs_real_ur_drivers_URBasic_dataLogEvent - INFO - DataLog constructor done
2025-07-07 15:09:00,388 - gym_custom_envs_real_ur_drivers_URBasic_dataLogEvent - INFO - DataLog is stopped
2025-07-07 15:09:00,388 - gym_custom_envs_real_ur_drivers_URBasic_rtdeEvent - INFO - RTDE constructor done
2025-07-07 15:09:00,704 - gym_custom_envs_real_ur_drivers_URBasic_rtdeEvent - INFO - Controller version: 3.3.1-60
2025-07-07 15:09:00,706 - gym_custom_envs_real_ur_drivers_URBasic_rtdeEvent - INFO - RTDE started
2025-07-07 15:09:00,889 - gym_custom_envs_real_ur_drivers_URBasic_dashboardEvent - INFO - Connected
2025-07-07 15:09:00,889 - gym_custom_envs_real_ur_drivers_URBasic_dashboardEvent - INFO - UR Dashboard respond Connected: Universal Robots Dashboard Server
2025-07-07 15:09:00,889 - gym_custom_envs_real_ur_drivers_URBasic_dashboardEvent - INFO - Dashboard server constructor done
2025-07-07 15:09:00,889 - gym_custom_envs_real_ur_drivers_URBasic_robotConnectorEvent - INFO - Init done
2025-07-07 15:09:00,889 - gym_custom_envs_real_ur_drivers_URBasic_urScriptEvent - INFO - Init done
2025-07-07 15:09:00,899 - gym_custom_envs_real_ur_drivers_URBasic_urScriptExtEvent - INFO - Init done
2025-07-07 15:09:08,698 - gym_custom_envs_real_ur_drivers_URBasic_rtdeEvent - INFO - Total packages: 1000
2025-07-07 15:09:16,698 - gym_custom_envs_real_ur_drivers_URBasic_rtdeEvent - INFO - Total packages: 2000
2025-07-07 15:09:24,698 - gym_custom_envs_real_ur_drivers_URBasic_rtdeEvent - INFO - Total packages: 3000
2025-07-07 15:09:32,697 - gym_custom_envs_real_ur_drivers_URBasic_rtdeEvent - INFO - Total packages: 4000
2025-07-07 15:09:40,697 - gym_custom_envs_real_ur_drivers_URBasic_rtdeEvent - INFO - Total packages: 5000
2025-07-07 15:09:48,697 - gym_custom_envs_real_ur_drivers_URBasic_rtdeEvent - INFO - Total packages: 6000
