2025-07-07 15:02:46,211 - gym_custom_envs_real_ur_drivers_URBasic_robotModelEvent - INFO - Init done
2025-07-07 15:02:46,712 - gym_custom_envs_real_ur_drivers_URBasic_realTimeClientEvent - INFO - Connected
2025-07-07 15:02:46,712 - gym_custom_envs_real_ur_drivers_URBasic_realTimeClientEvent - INFO - RT_CLient constructor done
2025-07-07 15:02:46,712 - gym_custom_envs_real_ur_drivers_URBasic_dataLogEvent - INFO - Data logging (not event logging) is disabled
2025-07-07 15:02:46,712 - gym_custom_envs_real_ur_drivers_URBasic_dataLogEvent - INFO - DataLog constructor done
2025-07-07 15:02:46,713 - gym_custom_envs_real_ur_drivers_URBasic_dataLogEvent - INFO - DataLog is stopped
2025-07-07 15:02:46,713 - gym_custom_envs_real_ur_drivers_URBasic_rtdeEvent - INFO - RTDE constructor done
2025-07-07 15:02:47,214 - gym_custom_envs_real_ur_drivers_URBasic_dashboardEvent - INFO - Connected
2025-07-07 15:02:47,214 - gym_custom_envs_real_ur_drivers_URBasic_dashboardEvent - INFO - UR Dashboard respond Connected: Universal Robots Dashboard Server
2025-07-07 15:02:47,214 - gym_custom_envs_real_ur_drivers_URBasic_dashboardEvent - INFO - Dashboard server constructor done
2025-07-07 15:02:47,214 - gym_custom_envs_real_ur_drivers_URBasic_robotConnectorEvent - INFO - Init done
2025-07-07 15:02:47,326 - gym_custom_envs_real_ur_drivers_URBasic_rtdeEvent - INFO - Controller version: 3.3.1-60
2025-07-07 15:02:47,327 - gym_custom_envs_real_ur_drivers_URBasic_rtdeEvent - INFO - RTDE started
2025-07-07 15:02:48,215 - gym_custom_envs_real_ur_drivers_URBasic_urScriptEvent - INFO - Init done
2025-07-07 15:02:48,224 - gym_custom_envs_real_ur_drivers_URBasic_urScriptExtEvent - INFO - Init done
2025-07-07 15:02:55,319 - gym_custom_envs_real_ur_drivers_URBasic_rtdeEvent - INFO - Total packages: 1000
2025-07-07 15:03:03,319 - gym_custom_envs_real_ur_drivers_URBasic_rtdeEvent - INFO - Total packages: 2000
2025-07-07 15:03:11,319 - gym_custom_envs_real_ur_drivers_URBasic_rtdeEvent - INFO - Total packages: 3000
2025-07-07 15:03:19,319 - gym_custom_envs_real_ur_drivers_URBasic_rtdeEvent - INFO - Total packages: 4000
2025-07-07 15:03:27,318 - gym_custom_envs_real_ur_drivers_URBasic_rtdeEvent - INFO - Total packages: 5000
2025-07-07 15:03:35,318 - gym_custom_envs_real_ur_drivers_URBasic_rtdeEvent - INFO - Total packages: 6000
2025-07-07 15:03:43,318 - gym_custom_envs_real_ur_drivers_URBasic_rtdeEvent - INFO - Total packages: 7000
2025-07-07 15:03:51,318 - gym_custom_envs_real_ur_drivers_URBasic_rtdeEvent - INFO - Total packages: 8000
2025-07-07 15:03:59,317 - gym_custom_envs_real_ur_drivers_URBasic_rtdeEvent - INFO - Total packages: 9000
2025-07-07 15:04:07,317 - gym_custom_envs_real_ur_drivers_URBasic_rtdeEvent - INFO - Total packages: 10000
2025-07-07 15:04:15,317 - gym_custom_envs_real_ur_drivers_URBasic_rtdeEvent - INFO - Total packages: 11000
2025-07-07 15:04:23,316 - gym_custom_envs_real_ur_drivers_URBasic_rtdeEvent - INFO - Total packages: 12000
2025-07-07 15:04:31,316 - gym_custom_envs_real_ur_drivers_URBasic_rtdeEvent - INFO - Total packages: 13000
2025-07-07 15:04:39,316 - gym_custom_envs_real_ur_drivers_URBasic_rtdeEvent - INFO - Total packages: 14000
2025-07-07 15:04:47,316 - gym_custom_envs_real_ur_drivers_URBasic_rtdeEvent - INFO - Total packages: 15000
2025-07-07 15:04:55,315 - gym_custom_envs_real_ur_drivers_URBasic_rtdeEvent - INFO - Total packages: 16000
2025-07-07 15:05:03,315 - gym_custom_envs_real_ur_drivers_URBasic_rtdeEvent - INFO - Total packages: 17000
2025-07-07 15:05:11,315 - gym_custom_envs_real_ur_drivers_URBasic_rtdeEvent - INFO - Total packages: 18000
2025-07-07 15:05:19,315 - gym_custom_envs_real_ur_drivers_URBasic_rtdeEvent - INFO - Total packages: 19000
2025-07-07 15:05:27,314 - gym_custom_envs_real_ur_drivers_URBasic_rtdeEvent - INFO - Total packages: 20000
2025-07-07 15:05:35,314 - gym_custom_envs_real_ur_drivers_URBasic_rtdeEvent - INFO - Total packages: 21000
2025-07-07 15:05:43,314 - gym_custom_envs_real_ur_drivers_URBasic_rtdeEvent - INFO - Total packages: 22000
2025-07-07 15:05:51,313 - gym_custom_envs_real_ur_drivers_URBasic_rtdeEvent - INFO - Total packages: 23000
2025-07-07 15:05:59,313 - gym_custom_envs_real_ur_drivers_URBasic_rtdeEvent - INFO - Total packages: 24000
2025-07-07 15:06:07,313 - gym_custom_envs_real_ur_drivers_URBasic_rtdeEvent - INFO - Total packages: 25000
2025-07-07 15:06:15,313 - gym_custom_envs_real_ur_drivers_URBasic_rtdeEvent - INFO - Total packages: 26000
2025-07-07 15:06:23,312 - gym_custom_envs_real_ur_drivers_URBasic_rtdeEvent - INFO - Total packages: 27000
2025-07-07 15:06:31,312 - gym_custom_envs_real_ur_drivers_URBasic_rtdeEvent - INFO - Total packages: 28000
2025-07-07 15:06:39,312 - gym_custom_envs_real_ur_drivers_URBasic_rtdeEvent - INFO - Total packages: 29000
2025-07-07 15:06:47,311 - gym_custom_envs_real_ur_drivers_URBasic_rtdeEvent - INFO - Total packages: 30000
2025-07-07 15:06:55,311 - gym_custom_envs_real_ur_drivers_URBasic_rtdeEvent - INFO - Total packages: 31000
2025-07-07 15:07:03,311 - gym_custom_envs_real_ur_drivers_URBasic_rtdeEvent - INFO - Total packages: 32000
2025-07-07 15:07:11,311 - gym_custom_envs_real_ur_drivers_URBasic_rtdeEvent - INFO - Total packages: 33000
2025-07-07 15:07:19,310 - gym_custom_envs_real_ur_drivers_URBasic_rtdeEvent - INFO - Total packages: 34000
2025-07-07 15:07:27,310 - gym_custom_envs_real_ur_drivers_URBasic_rtdeEvent - INFO - Total packages: 35000
2025-07-07 15:07:35,310 - gym_custom_envs_real_ur_drivers_URBasic_rtdeEvent - INFO - Total packages: 36000
2025-07-07 15:07:43,310 - gym_custom_envs_real_ur_drivers_URBasic_rtdeEvent - INFO - Total packages: 37000
2025-07-07 15:07:51,309 - gym_custom_envs_real_ur_drivers_URBasic_rtdeEvent - INFO - Total packages: 38000
2025-07-07 15:07:59,309 - gym_custom_envs_real_ur_drivers_URBasic_rtdeEvent - INFO - Total packages: 39000
2025-07-07 15:08:07,309 - gym_custom_envs_real_ur_drivers_URBasic_rtdeEvent - INFO - Total packages: 40000
2025-07-07 15:08:15,308 - gym_custom_envs_real_ur_drivers_URBasic_rtdeEvent - INFO - Total packages: 41000
2025-07-07 15:08:23,308 - gym_custom_envs_real_ur_drivers_URBasic_rtdeEvent - INFO - Total packages: 42000
2025-07-07 15:08:31,308 - gym_custom_envs_real_ur_drivers_URBasic_rtdeEvent - INFO - Total packages: 43000
2025-07-07 15:08:39,307 - gym_custom_envs_real_ur_drivers_URBasic_rtdeEvent - INFO - Total packages: 44000
2025-07-07 15:08:47,307 - gym_custom_envs_real_ur_drivers_URBasic_rtdeEvent - INFO - Total packages: 45000
