2025-07-07 16:35:39,613 - gym_custom_envs_real_ur_drivers_URBasic_robotModelEvent - INFO - Init done
2025-07-07 16:35:40,114 - gym_custom_envs_real_ur_drivers_URBasic_realTimeClientEvent - INFO - Connected
2025-07-07 16:35:40,114 - gym_custom_envs_real_ur_drivers_URBasic_realTimeClientEvent - INFO - RT_CLient constructor done
2025-07-07 16:35:40,115 - gym_custom_envs_real_ur_drivers_URBasic_dataLogEvent - INFO - Data logging (not event logging) is disabled
2025-07-07 16:35:40,116 - gym_custom_envs_real_ur_drivers_URBasic_dataLogEvent - INFO - DataLog constructor done
2025-07-07 16:35:40,117 - gym_custom_envs_real_ur_drivers_URBasic_dataLogEvent - INFO - DataLog is stopped
2025-07-07 16:35:40,117 - gym_custom_envs_real_ur_drivers_URBasic_rtdeEvent - INFO - RTDE constructor done
2025-07-07 16:35:40,619 - gym_custom_envs_real_ur_drivers_URBasic_dashboardEvent - INFO - Connected
2025-07-07 16:35:40,620 - gym_custom_envs_real_ur_drivers_URBasic_dashboardEvent - INFO - UR Dashboard respond Connected: Universal Robots Dashboard Server
2025-07-07 16:35:40,620 - gym_custom_envs_real_ur_drivers_URBasic_dashboardEvent - INFO - Dashboard server constructor done
2025-07-07 16:35:40,621 - gym_custom_envs_real_ur_drivers_URBasic_robotConnectorEvent - INFO - Init done
2025-07-07 16:35:40,730 - gym_custom_envs_real_ur_drivers_URBasic_rtdeEvent - INFO - Controller version: 3.3.1-60
2025-07-07 16:35:40,734 - gym_custom_envs_real_ur_drivers_URBasic_rtdeEvent - INFO - RTDE started
2025-07-07 16:35:41,622 - gym_custom_envs_real_ur_drivers_URBasic_urScriptEvent - INFO - Init done!!!
2025-07-07 16:35:41,636 - gym_custom_envs_real_ur_drivers_URBasic_urScriptExtEvent - INFO - Init done
2025-07-07 16:35:43,236 - gym_custom_envs_real_ur_interfaceEvent - INFO - [] init done
2025-07-07 16:35:43,247 - gym_custom_envs_real_ur_drivers_URBasic_realTimeClientEvent - INFO - Program send to Robot:
def move_j():
  write_output_boolean_register(0, True)
    movej( [0.0, -1.5, 1.5, -1.5, 1.5, 0.0], a=1.4, v=1.05,  r=0)


  write_output_boolean_register(1, True)
end

2025-07-07 16:35:48,723 - gym_custom_envs_real_ur_drivers_URBasic_rtdeEvent - INFO - Total packages: 1000
2025-07-07 16:35:56,723 - gym_custom_envs_real_ur_drivers_URBasic_rtdeEvent - INFO - Total packages: 2000
2025-07-07 16:36:04,723 - gym_custom_envs_real_ur_drivers_URBasic_rtdeEvent - INFO - Total packages: 3000
2025-07-07 16:36:12,723 - gym_custom_envs_real_ur_drivers_URBasic_rtdeEvent - INFO - Total packages: 4000
2025-07-07 16:36:20,722 - gym_custom_envs_real_ur_drivers_URBasic_rtdeEvent - INFO - Total packages: 5000
2025-07-07 16:36:28,722 - gym_custom_envs_real_ur_drivers_URBasic_rtdeEvent - INFO - Total packages: 6000
2025-07-07 16:36:36,722 - gym_custom_envs_real_ur_drivers_URBasic_rtdeEvent - INFO - Total packages: 7000
